Determining if the pthread_create exist failed with the following output:
Change Dir: /home/kranky/finale/build/catkin_tools_prebuild/CMakeFiles/CMakeTmp

Run Build Command:"/usr/bin/make" "cmTC_5f352/fast"
/usr/bin/make -f CMakeFiles/cmTC_5f352.dir/build.make CMakeFiles/cmTC_5f352.dir/build
make[1]: Entering directory '/home/kranky/finale/build/catkin_tools_prebuild/CMakeFiles/CMakeTmp'
Building C object CMakeFiles/cmTC_5f352.dir/CheckSymbolExists.c.o
/usr/bin/cc     -o CMakeFiles/cmTC_5f352.dir/CheckSymbolExists.c.o   -c /home/kranky/finale/build/catkin_tools_prebuild/CMakeFiles/CMakeTmp/CheckSymbolExists.c
Linking C executable cmTC_5f352
/usr/bin/cmake -E cmake_link_script CMakeFiles/cmTC_5f352.dir/link.txt --verbose=1
/usr/bin/cc       CMakeFiles/cmTC_5f352.dir/CheckSymbolExists.c.o  -o cmTC_5f352 -rdynamic 
CMakeFiles/cmTC_5f352.dir/CheckSymbolExists.c.o: In function `main':
CheckSymbolExists.c:(.text+0xa): undefined reference to `pthread_create'
collect2: error: ld returned 1 exit status
CMakeFiles/cmTC_5f352.dir/build.make:97: recipe for target 'cmTC_5f352' failed
make[1]: *** [cmTC_5f352] Error 1
make[1]: Leaving directory '/home/kranky/finale/build/catkin_tools_prebuild/CMakeFiles/CMakeTmp'
Makefile:126: recipe for target 'cmTC_5f352/fast' failed
make: *** [cmTC_5f352/fast] Error 2

File /home/kranky/finale/build/catkin_tools_prebuild/CMakeFiles/CMakeTmp/CheckSymbolExists.c:
/* */
#include <pthread.h>

int main(int argc, char** argv)
{
  (void)argv;
#ifndef pthread_create
  return ((int*)(&pthread_create))[argc];
#else
  (void)argc;
  return 0;
#endif
}

Determining if the function pthread_create exists in the pthreads failed with the following output:
Change Dir: /home/kranky/finale/build/catkin_tools_prebuild/CMakeFiles/CMakeTmp

Run Build Command:"/usr/bin/make" "cmTC_5fd8e/fast"
/usr/bin/make -f CMakeFiles/cmTC_5fd8e.dir/build.make CMakeFiles/cmTC_5fd8e.dir/build
make[1]: Entering directory '/home/kranky/finale/build/catkin_tools_prebuild/CMakeFiles/CMakeTmp'
Building C object CMakeFiles/cmTC_5fd8e.dir/CheckFunctionExists.c.o
/usr/bin/cc    -DCHECK_FUNCTION_EXISTS=pthread_create   -o CMakeFiles/cmTC_5fd8e.dir/CheckFunctionExists.c.o   -c /usr/share/cmake-3.5/Modules/CheckFunctionExists.c
Linking C executable cmTC_5fd8e
/usr/bin/cmake -E cmake_link_script CMakeFiles/cmTC_5fd8e.dir/link.txt --verbose=1
/usr/bin/cc   -DCHECK_FUNCTION_EXISTS=pthread_create    CMakeFiles/cmTC_5fd8e.dir/CheckFunctionExists.c.o  -o cmTC_5fd8e -rdynamic -lpthreads 
/usr/bin/ld: cannot find -lpthreads
collect2: error: ld returned 1 exit status
CMakeFiles/cmTC_5fd8e.dir/build.make:97: recipe for target 'cmTC_5fd8e' failed
make[1]: *** [cmTC_5fd8e] Error 1
make[1]: Leaving directory '/home/kranky/finale/build/catkin_tools_prebuild/CMakeFiles/CMakeTmp'
Makefile:126: recipe for target 'cmTC_5fd8e/fast' failed
make: *** [cmTC_5fd8e/fast] Error 2


