Not searching for unused variables given on the command line.
[36m--[0m Using CATKIN_DEVEL_PREFIX: /home/kranky/finale/devel/.private/opena
[36m--[0m Using CMAKE_PREFIX_PATH: /home/kranky/finale/devel;/opt/ros/kinetic
[36m--[0m This workspace overlays: /home/kranky/finale/devel;/opt/ros/kinetic
[36m--[0m Found PythonInterp: /usr/bin/python2 (found suitable version "2.7.12", minimum required is "2")
[36m--[0m Using PYTHON_EXECUTABLE: /usr/bin/python2
[36m--[0m Using Debian Python package layout
[36m--[0m Using empy: /usr/bin/empy
[36m--[0m Using CATKIN_ENABLE_TESTING: ON
[36m--[0m Call enable_testing()
[36m--[0m Using CATKIN_TEST_RESULTS_DIR: /home/kranky/finale/build/opena/test_results
[36m--[0m Found gtest sources under '/usr/src/gmock': gtests will be built
[36m--[0m Found gmock sources under '/usr/src/gmock': gmock will be built
[36m--[0m Found PythonInterp: /usr/bin/python2 (found version "2.7.12")
[36m--[0m Looking for pthread.h
[36m--[0m Looking for pthread.h - found
[36m--[0m Looking for pthread_create
[36m--[0m Looking for pthread_create - not found
[36m--[0m Looking for pthread_create in pthreads
[36m--[0m Looking for pthread_create in pthreads - not found
[36m--[0m Looking for pthread_create in pthread
[36m--[0m Looking for pthread_create in pthread - found
[36m--[0m Found Threads: TRUE
[36m--[0m Using Python nosetests: /usr/bin/nosetests-2.7
[36m--[0m catkin 0.7.20
[36m--[0m BUILD_SHARED_LIBS is on
[36m--[0m Found OpenCV: /opt/ros/kinetic (found suitable version "3.3.1", minimum required is "3")
[36m--[0m Marking EXECUTABLE "detector_node" of package "opena" for installation
[36m--[0m Marking HEADER FILES in "include" folder of package "opena" for installation
[36m--[0m Marking SHARED CONTENT FOLDER "launch" of package "opena" for installation
[36m--[0m Configuring done
[31m[1mCMake Error[0m at /home/kranky/finale/devel/share/catkin_simple/cmake/catkin_simple-extras.cmake:133 (add_executable):
  Cannot find source file:

    src/image_converter.cpp

  Tried extensions .c .C .c++ .cc .cpp .cxx .m .M .mm .h .hh .h++ .hm .hpp
  .hxx .in .txx
[36mCall Stack (most recent call first):[0m
  CMakeLists.txt:229 (cs_add_executable)


CMake Error: CMake can not determine linker language for target: detector_node
CMake Error: Cannot determine link language for target "detector_node".
[36m--[0m Generating done
[36m--[0m Build files have been written to: /home/kranky/finale/build/opena
