[35m[1mScanning dependencies of target rosgraph_msgs_generate_messages_nodejs[0m
[35m[1mScanning dependencies of target std_msgs_generate_messages_nodejs[0m
[35m[1mScanning dependencies of target rosgraph_msgs_generate_messages_lisp[0m
[35m[1mScanning dependencies of target rosgraph_msgs_generate_messages_py[0m
Built target rosgraph_msgs_generate_messages_nodejs
Built target std_msgs_generate_messages_nodejs
Built target rosgraph_msgs_generate_messages_lisp
[35m[1mScanning dependencies of target rosgraph_msgs_generate_messages_cpp[0m
[35m[1mScanning dependencies of target rosgraph_msgs_generate_messages_eus[0m
Built target rosgraph_msgs_generate_messages_py
[35m[1mScanning dependencies of target roscpp_generate_messages_py[0m
Built target rosgraph_msgs_generate_messages_cpp
Built target rosgraph_msgs_generate_messages_eus
Built target roscpp_generate_messages_py
[35m[1mScanning dependencies of target roscpp_generate_messages_lisp[0m
[35m[1mScanning dependencies of target roscpp_generate_messages_eus[0m
[35m[1mScanning dependencies of target sensor_msgs_generate_messages_lisp[0m
[35m[1mScanning dependencies of target geometry_msgs_generate_messages_nodejs[0m
Built target roscpp_generate_messages_lisp
Built target sensor_msgs_generate_messages_lisp
Built target roscpp_generate_messages_eus
Built target geometry_msgs_generate_messages_nodejs
[35m[1mScanning dependencies of target sensor_msgs_generate_messages_eus[0m
[35m[1mScanning dependencies of target geometry_msgs_generate_messages_eus[0m
[35m[1mScanning dependencies of target sensor_msgs_generate_messages_cpp[0m
[35m[1mScanning dependencies of target sensor_msgs_generate_messages_py[0m
Built target sensor_msgs_generate_messages_eus
Built target sensor_msgs_generate_messages_cpp
Built target geometry_msgs_generate_messages_eus
Built target sensor_msgs_generate_messages_py
[35m[1mScanning dependencies of target roscpp_generate_messages_cpp[0m
[35m[1mScanning dependencies of target geometry_msgs_generate_messages_cpp[0m
Built target roscpp_generate_messages_cpp
[35m[1mScanning dependencies of target std_msgs_generate_messages_cpp[0m
[35m[1mScanning dependencies of target sensor_msgs_generate_messages_nodejs[0m
Built target geometry_msgs_generate_messages_cpp
Built target std_msgs_generate_messages_cpp
Built target sensor_msgs_generate_messages_nodejs
[35m[1mScanning dependencies of target geometry_msgs_generate_messages_lisp[0m
[35m[1mScanning dependencies of target std_msgs_generate_messages_py[0m
Built target geometry_msgs_generate_messages_lisp
[35m[1mScanning dependencies of target roscpp_generate_messages_nodejs[0m
[35m[1mScanning dependencies of target geometry_msgs_generate_messages_py[0m
Built target std_msgs_generate_messages_py
[35m[1mScanning dependencies of target std_msgs_generate_messages_eus[0m
Built target geometry_msgs_generate_messages_py
Built target roscpp_generate_messages_nodejs
Built target std_msgs_generate_messages_eus
[35m[1mScanning dependencies of target std_msgs_generate_messages_lisp[0m
Built target std_msgs_generate_messages_lisp
[35m[1mScanning dependencies of target detector_node[0m
make[2]: *** No rule to make target 'CMakeFiles/detector_node.dir/build'.  Stop.
CMakeFiles/Makefile2:763: recipe for target 'CMakeFiles/detector_node.dir/all' failed
make[1]: *** [CMakeFiles/detector_node.dir/all] Error 2
Makefile:138: recipe for target 'all' failed
make: *** [all] Error 2
