Determining if the pthread_create exist failed with the following output:
Change Dir: /home/kranky/finale/build/catkin_simple/CMakeFiles/CMakeTmp

Run Build Command:"/usr/bin/make" "cmTC_44bc2/fast"
/usr/bin/make -f CMakeFiles/cmTC_44bc2.dir/build.make CMakeFiles/cmTC_44bc2.dir/build
make[1]: Entering directory '/home/kranky/finale/build/catkin_simple/CMakeFiles/CMakeTmp'
Building C object CMakeFiles/cmTC_44bc2.dir/CheckSymbolExists.c.o
/usr/bin/cc     -o CMakeFiles/cmTC_44bc2.dir/CheckSymbolExists.c.o   -c /home/kranky/finale/build/catkin_simple/CMakeFiles/CMakeTmp/CheckSymbolExists.c
Linking C executable cmTC_44bc2
/usr/bin/cmake -E cmake_link_script CMakeFiles/cmTC_44bc2.dir/link.txt --verbose=1
/usr/bin/cc       CMakeFiles/cmTC_44bc2.dir/CheckSymbolExists.c.o  -o cmTC_44bc2 -rdynamic 
CMakeFiles/cmTC_44bc2.dir/CheckSymbolExists.c.o: In function `main':
CheckSymbolExists.c:(.text+0xa): undefined reference to `pthread_create'
collect2: error: ld returned 1 exit status
CMakeFiles/cmTC_44bc2.dir/build.make:97: recipe for target 'cmTC_44bc2' failed
make[1]: *** [cmTC_44bc2] Error 1
make[1]: Leaving directory '/home/kranky/finale/build/catkin_simple/CMakeFiles/CMakeTmp'
Makefile:126: recipe for target 'cmTC_44bc2/fast' failed
make: *** [cmTC_44bc2/fast] Error 2

File /home/kranky/finale/build/catkin_simple/CMakeFiles/CMakeTmp/CheckSymbolExists.c:
/* */
#include <pthread.h>

int main(int argc, char** argv)
{
  (void)argv;
#ifndef pthread_create
  return ((int*)(&pthread_create))[argc];
#else
  (void)argc;
  return 0;
#endif
}

Determining if the function pthread_create exists in the pthreads failed with the following output:
Change Dir: /home/kranky/finale/build/catkin_simple/CMakeFiles/CMakeTmp

Run Build Command:"/usr/bin/make" "cmTC_49533/fast"
/usr/bin/make -f CMakeFiles/cmTC_49533.dir/build.make CMakeFiles/cmTC_49533.dir/build
make[1]: Entering directory '/home/kranky/finale/build/catkin_simple/CMakeFiles/CMakeTmp'
Building C object CMakeFiles/cmTC_49533.dir/CheckFunctionExists.c.o
/usr/bin/cc    -DCHECK_FUNCTION_EXISTS=pthread_create   -o CMakeFiles/cmTC_49533.dir/CheckFunctionExists.c.o   -c /usr/share/cmake-3.5/Modules/CheckFunctionExists.c
Linking C executable cmTC_49533
/usr/bin/cmake -E cmake_link_script CMakeFiles/cmTC_49533.dir/link.txt --verbose=1
/usr/bin/cc   -DCHECK_FUNCTION_EXISTS=pthread_create    CMakeFiles/cmTC_49533.dir/CheckFunctionExists.c.o  -o cmTC_49533 -rdynamic -lpthreads 
/usr/bin/ld: cannot find -lpthreads
collect2: error: ld returned 1 exit status
CMakeFiles/cmTC_49533.dir/build.make:97: recipe for target 'cmTC_49533' failed
make[1]: *** [cmTC_49533] Error 1
make[1]: Leaving directory '/home/kranky/finale/build/catkin_simple/CMakeFiles/CMakeTmp'
Makefile:126: recipe for target 'cmTC_49533/fast' failed
make: *** [cmTC_49533/fast] Error 2


